<?xml version="1.0" encoding="UTF-8"?>
<testng-results skipped="0" failed="0" ignored="0" total="1" passed="1">
  <reporter-output>
    <line>
      <![CDATA[Browser launched]]>
    </line>
    <line>
      <![CDATA[URL is entered]]>
    </line>
  </reporter-output>
  <suite name="Default suite" duration-ms="17302" started-at="2024-04-04T13:50:52 IST" finished-at="2024-04-04T13:51:10 IST">
    <groups>
    </groups>
    <test name="Default test" duration-ms="17302" started-at="2024-04-04T13:50:52 IST" finished-at="2024-04-04T13:51:10 IST">
      <class name="VarshiniJM.LoginToApplication">
        <test-method status="PASS" signature="beforeclass()[pri:0, instance:VarshiniJM.LoginToApplication@6b9651f3]" name="beforeclass" is-config="true" duration-ms="14080" started-at="2024-04-04T13:50:52 IST" finished-at="2024-04-04T13:51:06 IST">
          <reporter-output>
            <line>
              <![CDATA[Browser launched]]>
            </line>
            <line>
              <![CDATA[URL is entered]]>
            </line>
          </reporter-output>
        </test-method> <!-- beforeclass -->
        <test-method status="PASS" signature="Register()[pri:0, instance:VarshiniJM.LoginToApplication@6b9651f3]" name="Register" duration-ms="2127" started-at="2024-04-04T13:51:07 IST" finished-at="2024-04-04T13:51:09 IST">
          <reporter-output>
          </reporter-output>
        </test-method> <!-- Register -->
        <test-method status="PASS" signature="afterclass()[pri:0, instance:VarshiniJM.LoginToApplication@6b9651f3]" name="afterclass" is-config="true" duration-ms="1034" started-at="2024-04-04T13:51:09 IST" finished-at="2024-04-04T13:51:10 IST">
          <reporter-output>
          </reporter-output>
        </test-method> <!-- afterclass -->
      </class> <!-- VarshiniJM.LoginToApplication -->
    </test> <!-- Default test -->
  </suite> <!-- Default suite -->
</testng-results>
